<?xml version="1.0" encoding="UTF-8" ?>
<testsuites disabled="0" errors="0" failures="0" tests="7" time="0.038">
 <testsuite name="asyncOperationReducer" timestamp="2018-11-18T19:58:44" hostname="localhost" time="0.038" errors="0" tests="7" skipped="0" disabled="0" failures="0">
  <testcase classname="asyncOperationReducer" name="should return the initial state" time="0.012" />
  <testcase classname="asyncOperationReducer" name="should handle BEGIN_ASYNC_OPERATION for write action" time="0.014" />
  <testcase classname="asyncOperationReducer" name="should handle RESOLVE_ASYNC_OPERATION for write action" time="0.002" />
  <testcase classname="asyncOperationReducer" name="should handle REJECT_ASYNC_OPERATION for write action" time="0.002" />
  <testcase classname="asyncOperationReducer" name="should handle BEGIN_ASYNC_OPERATION for read action" time="0.002" />
  <testcase classname="asyncOperationReducer" name="should handle RESOLVE_ASYNC_OPERATION for read action" time="0.002" />
  <testcase classname="asyncOperationReducer" name="should handle REJECT_ASYNC_OPERATION for write action" time="0.001" />
 </testsuite>
</testsuites>