<?xml version="1.0" encoding="UTF-8" ?>
<testsuites disabled="0" errors="0" failures="0" tests="2" time="0.01">
 <testsuite name="scenario tests" timestamp="2018-11-19T21:18:44" hostname="localhost" time="0.005" errors="0" tests="0" skipped="0" disabled="0" failures="0">
 </testsuite>
 <testsuite name="scenario tests.READ operation scenarios" timestamp="2018-11-19T21:18:44" hostname="localhost" time="0.005" errors="0" tests="2" skipped="0" disabled="0" failures="0">
  <testcase classname="scenario tests.READ operation scenarios" name="should update a successful READ operation as expected from start to finish" time="0.004" />
  <testcase classname="scenario tests.READ operation scenarios" name="should update a failed READ operation as expected from start to finish" time="0.001" />
 </testsuite>
 <testsuite name="scenario tests.WRITE operation scenarios" timestamp="2018-11-19T21:18:44" hostname="localhost" time="0" errors="0" tests="0" skipped="0" disabled="0" failures="0">
 </testsuite>
</testsuites>